2025-09-21T21:51:12.700+05:30  INFO 18800 --- [account] [main] c.e.account.AccountApplicationTests      : Starting AccountApplicationTests using Java 24.0.1 with PID 18800 (started by Vinay Patel in D:\eazy bank\section 6\account)
2025-09-21T21:51:12.706+05:30 DEBUG 18800 --- [account] [main] c.e.account.AccountApplicationTests      : Running with Spring Boot v3.5.5, Spring v6.2.10
2025-09-21T21:51:12.709+05:30  INFO 18800 --- [account] [main] c.e.account.AccountApplicationTests      : No active profile set, falling back to 1 default profile: "default"
2025-09-21T21:51:12.790+05:30  INFO 18800 --- [account] [main] o.s.c.c.c.ConfigServerConfigDataLoader   : Fetching config from server at : http://localhost:8071/
2025-09-21T21:51:12.792+05:30  INFO 18800 --- [account] [main] o.s.c.c.c.ConfigServerConfigDataLoader   : Located environment: name=account, profiles=[default], label=null, version=288464ac424ebfb93092c351437e6d63219d43cd, state=
2025-09-21T21:51:14.821+05:30  INFO 18800 --- [account] [main] .s.d.r.c.RepositoryConfigurationDelegate : Bootstrapping Spring Data JPA repositories in DEFAULT mode.
2025-09-21T21:51:15.078+05:30  INFO 18800 --- [account] [main] .s.d.r.c.RepositoryConfigurationDelegate : Finished Spring Data repository scanning in 245 ms. Found 2 JPA repository interfaces.
2025-09-21T21:51:15.380+05:30  INFO 18800 --- [account] [main] o.s.cloud.context.scope.GenericScope     : BeanFactory id=45015cc4-8514-363d-a424-181d9da48a0d
2025-09-21T21:51:16.160+05:30  INFO 18800 --- [account] [main] o.hibernate.jpa.internal.util.LogHelper  : HHH000204: Processing PersistenceUnitInfo [name: default]
2025-09-21T21:51:16.273+05:30  INFO 18800 --- [account] [main] org.hibernate.Version                    : HHH000412: Hibernate ORM core version 6.6.26.Final
2025-09-21T21:51:16.350+05:30  INFO 18800 --- [account] [main] o.h.c.internal.RegionFactoryInitiator    : HHH000026: Second-level cache disabled
2025-09-21T21:51:16.818+05:30  INFO 18800 --- [account] [main] o.s.o.j.p.SpringPersistenceUnitInfo      : No LoadTimeWeaver setup: ignoring JPA class transformer
2025-09-21T21:51:16.849+05:30  INFO 18800 --- [account] [main] com.zaxxer.hikari.HikariDataSource       : HikariCP - Starting...
2025-09-21T21:51:17.361+05:30  INFO 18800 --- [account] [main] com.zaxxer.hikari.pool.HikariPool        : HikariCP - Added connection com.mysql.cj.jdbc.ConnectionImpl@25e24908
2025-09-21T21:51:17.363+05:30  INFO 18800 --- [account] [main] com.zaxxer.hikari.HikariDataSource       : HikariCP - Start completed.
2025-09-21T21:51:17.524+05:30  WARN 18800 --- [account] [main] org.hibernate.orm.deprecation            : HHH90000025: MySQL8Dialect does not need to be specified explicitly using 'hibernate.dialect' (remove the property setting and it will be selected by default)
2025-09-21T21:51:17.525+05:30  WARN 18800 --- [account] [main] org.hibernate.orm.deprecation            : HHH90000026: MySQL8Dialect has been deprecated; use org.hibernate.dialect.MySQLDialect instead
2025-09-21T21:51:17.542+05:30  INFO 18800 --- [account] [main] org.hibernate.orm.connections.pooling    : HHH10001005: Database info:
	Database JDBC URL [Connecting through datasource 'HikariDataSource (HikariCP)']
	Database driver: undefined/unknown
	Database version: 8.0
	Autocommit mode: undefined/unknown
	Isolation level: undefined/unknown
	Minimum pool size: undefined/unknown
	Maximum pool size: undefined/unknown
2025-09-21T21:51:18.736+05:30  INFO 18800 --- [account] [main] o.h.e.t.j.p.i.JtaPlatformInitiator       : HHH000489: No JTA platform available (set 'hibernate.transaction.jta.platform' to enable JTA platform integration)
2025-09-21T21:51:18.923+05:30  INFO 18800 --- [account] [main] j.LocalContainerEntityManagerFactoryBean : Initialized JPA EntityManagerFactory for persistence unit 'default'
2025-09-21T21:51:19.684+05:30  WARN 18800 --- [account] [main] JpaBaseConfiguration$JpaWebConfiguration : spring.jpa.open-in-view is enabled by default. Therefore, database queries may be performed during view rendering. Explicitly configure spring.jpa.open-in-view to disable this warning
2025-09-21T21:51:21.123+05:30  INFO 18800 --- [account] [main] DiscoveryClientOptionalArgsConfiguration : Eureka HTTP Client uses RestTemplate.
2025-09-21T21:51:21.173+05:30  WARN 18800 --- [account] [main] iguration$LoadBalancerCaffeineWarnLogger : Spring Cloud LoadBalancer is currently working with the default cache. While this cache implementation is useful for development and tests, it's recommended to use Caffeine cache in production.You can switch to using Caffeine cache, by adding it and org.springframework.cache.caffeine.CaffeineCacheManager to the classpath.
2025-09-21T21:51:21.190+05:30  INFO 18800 --- [account] [main] o.s.b.a.e.web.EndpointLinksResolver      : Exposing 18 endpoints beneath base path '/actuator'
2025-09-21T21:51:21.309+05:30  INFO 18800 --- [account] [main] o.s.c.n.eureka.InstanceInfoFactory       : Setting initial instance status as: STARTING
2025-09-21T21:51:21.360+05:30  INFO 18800 --- [account] [main] com.netflix.discovery.DiscoveryClient    : Initializing Eureka in region us-east-1
2025-09-21T21:51:21.366+05:30  INFO 18800 --- [account] [main] c.n.d.s.r.aws.ConfigClusterResolver      : Resolving eureka endpoints via configuration
2025-09-21T21:51:21.381+05:30  INFO 18800 --- [account] [main] com.netflix.discovery.DiscoveryClient    : Disable delta property : false
2025-09-21T21:51:21.381+05:30  INFO 18800 --- [account] [main] com.netflix.discovery.DiscoveryClient    : Single vip registry refresh property : null
2025-09-21T21:51:21.381+05:30  INFO 18800 --- [account] [main] com.netflix.discovery.DiscoveryClient    : Force full registry fetch : false
2025-09-21T21:51:21.381+05:30  INFO 18800 --- [account] [main] com.netflix.discovery.DiscoveryClient    : Application is null : false
2025-09-21T21:51:21.381+05:30  INFO 18800 --- [account] [main] com.netflix.discovery.DiscoveryClient    : Registered Applications size is zero : true
2025-09-21T21:51:21.382+05:30  INFO 18800 --- [account] [main] com.netflix.discovery.DiscoveryClient    : Application version is -1: true
2025-09-21T21:51:21.382+05:30  INFO 18800 --- [account] [main] com.netflix.discovery.DiscoveryClient    : Getting all instance registry info from the eureka server
2025-09-21T21:51:25.169+05:30  INFO 18800 --- [account] [main] com.netflix.discovery.DiscoveryClient    : The response status is 200
2025-09-21T21:51:25.170+05:30  INFO 18800 --- [account] [main] com.netflix.discovery.DiscoveryClient    : Starting heartbeat executor: renew interval is: 30
2025-09-21T21:51:25.172+05:30  INFO 18800 --- [account] [main] c.n.discovery.InstanceInfoReplicator     : InstanceInfoReplicator onDemand update allowed rate per min is 4
2025-09-21T21:51:25.173+05:30  INFO 18800 --- [account] [main] com.netflix.discovery.DiscoveryClient    : Discovery Client initialized at timestamp 1758471685173 with initial instances count: 0
2025-09-21T21:51:25.178+05:30  INFO 18800 --- [account] [main] o.s.c.n.e.s.EurekaServiceRegistry        : Registering application ACCOUNT with eureka with status UP
2025-09-21T21:51:25.179+05:30  INFO 18800 --- [account] [main] com.netflix.discovery.DiscoveryClient    : Saw local status change event StatusChangeEvent [timestamp=1758471685179, current=UP, previous=STARTING]
2025-09-21T21:51:25.181+05:30  INFO 18800 --- [account] [DiscoveryClient-InstanceInfoReplicator-%d] com.netflix.discovery.DiscoveryClient    : DiscoveryClient_ACCOUNT/LAPTOP-E2KASN14.mshome.net:account:9090: registering service...
2025-09-21T21:51:25.202+05:30  INFO 18800 --- [account] [main] c.e.account.AccountApplicationTests      : Started AccountApplicationTests in 16.581 seconds (process running for 19.839)
2025-09-21T21:51:25.830+05:30  INFO 18800 --- [account] [DiscoveryClient-InstanceInfoReplicator-%d] com.netflix.discovery.DiscoveryClient    : DiscoveryClient_ACCOUNT/LAPTOP-E2KASN14.mshome.net:account:9090 - registration status: 204
2025-09-21T21:51:26.070+05:30  INFO 18800 --- [account] [SpringApplicationShutdownHook] o.s.c.n.e.s.EurekaServiceRegistry        : Unregistering application ACCOUNT with eureka with status DOWN
2025-09-21T21:51:26.071+05:30  INFO 18800 --- [account] [SpringApplicationShutdownHook] com.netflix.discovery.DiscoveryClient    : Saw local status change event StatusChangeEvent [timestamp=1758471686071, current=DOWN, previous=UP]
2025-09-21T21:51:26.072+05:30  INFO 18800 --- [account] [DiscoveryClient-InstanceInfoReplicator-%d] com.netflix.discovery.DiscoveryClient    : DiscoveryClient_ACCOUNT/LAPTOP-E2KASN14.mshome.net:account:9090: registering service...
2025-09-21T21:51:26.088+05:30  INFO 18800 --- [account] [SpringApplicationShutdownHook] j.LocalContainerEntityManagerFactoryBean : Closing JPA EntityManagerFactory for persistence unit 'default'
2025-09-21T21:51:26.090+05:30  INFO 18800 --- [account] [DiscoveryClient-InstanceInfoReplicator-%d] com.netflix.discovery.DiscoveryClient    : DiscoveryClient_ACCOUNT/LAPTOP-E2KASN14.mshome.net:account:9090 - registration status: 204
2025-09-21T21:51:26.092+05:30  INFO 18800 --- [account] [SpringApplicationShutdownHook] com.zaxxer.hikari.HikariDataSource       : HikariCP - Shutdown initiated...
2025-09-21T21:51:26.097+05:30  INFO 18800 --- [account] [SpringApplicationShutdownHook] com.zaxxer.hikari.HikariDataSource       : HikariCP - Shutdown completed.
2025-09-21T21:51:26.099+05:30  INFO 18800 --- [account] [SpringApplicationShutdownHook] com.netflix.discovery.DiscoveryClient    : Shutting down DiscoveryClient ...
2025-09-21T21:51:29.101+05:30  INFO 18800 --- [account] [SpringApplicationShutdownHook] com.netflix.discovery.DiscoveryClient    : Unregistering ...
2025-09-21T21:51:29.180+05:30  INFO 18800 --- [account] [SpringApplicationShutdownHook] com.netflix.discovery.DiscoveryClient    : DiscoveryClient_ACCOUNT/LAPTOP-E2KASN14.mshome.net:account:9090 - deregister  status: 200
2025-09-21T21:51:29.181+05:30  INFO 18800 --- [account] [SpringApplicationShutdownHook] com.netflix.discovery.DiscoveryClient    : Completed shut down of DiscoveryClient
